SF:lib\features\new_york_times\data\data_source\get_news_remote_data_source.dart
DA:16,1
DA:20,1
DA:23,3
DA:24,1
DA:26,3
DA:27,1
DA:28,2
DA:29,1
DA:30,2
DA:31,1
DA:33,1
DA:35,1
LF:12
LH:12
end_of_record
SF:lib\features\new_york_times\data\models\news_model.dart
DA:15,5
DA:21,2
DA:22,2
DA:23,2
LF:4
LH:4
end_of_record
SF:lib\features\new_york_times\data\models\news_model.g.dart
DA:9,4
DA:10,2
DA:11,2
DA:12,2
DA:13,2
DA:14,6
DA:15,2
DA:18,2
DA:19,1
DA:20,1
DA:21,1
DA:22,1
LF:12
LH:12
end_of_record
SF:lib\core\constants\failure.dart
DA:5,3
DA:7,1
DA:8,2
DA:12,4
DA:16,3
LF:5
LH:5
end_of_record
SF:lib\features\new_york_times\domain\entities\news.dart
DA:11,7
DA:18,3
DA:19,3
LF:3
LH:3
end_of_record
SF:lib\features\new_york_times\data\models\media_data_model.dart
DA:18,5
DA:26,2
DA:27,4
DA:28,4
LF:4
LH:4
end_of_record
SF:lib\features\new_york_times\data\models\media_data_model.g.dart
DA:9,4
DA:10,4
DA:11,4
DA:12,4
DA:13,4
DA:14,4
DA:15,4
DA:16,4
DA:17,4
DA:18,8
DA:19,4
DA:22,1
DA:23,1
DA:24,1
DA:25,1
DA:26,1
DA:27,1
DA:28,1
DA:29,1
LF:19
LH:19
end_of_record
SF:lib\features\new_york_times\domain\entities\media.dart
DA:13,5
DA:22,1
DA:23,1
LF:3
LH:3
end_of_record
SF:lib\features\new_york_times\data\models\media_meta_data_data_model.dart
DA:13,6
DA:19,2
DA:20,5
DA:21,5
LF:4
LH:4
end_of_record
SF:lib\features\new_york_times\data\models\media_meta_data_data_model.g.dart
DA:9,5
DA:11,5
DA:12,5
DA:13,5
DA:14,5
DA:15,5
DA:18,1
DA:20,1
DA:21,1
DA:22,1
DA:23,1
DA:24,1
LF:12
LH:12
end_of_record
SF:lib\features\new_york_times\domain\entities\media_meta_data.dart
DA:9,6
DA:16,1
DA:17,1
LF:3
LH:3
end_of_record
SF:lib\features\new_york_times\data\models\news_data_model.dart
DA:31,4
DA:53,3
DA:54,2
DA:55,3
DA:56,3
LF:5
LH:5
end_of_record
SF:lib\features\new_york_times\data\models\news_data_model.g.dart
DA:9,3
DA:10,3
DA:11,3
DA:12,3
DA:13,3
DA:14,3
DA:15,3
DA:16,3
DA:17,3
DA:18,3
DA:19,3
DA:20,3
DA:21,3
DA:22,3
DA:23,3
DA:24,3
DA:25,3
DA:26,3
DA:27,6
DA:28,3
DA:29,3
DA:30,3
DA:31,3
DA:32,3
DA:33,3
DA:34,3
DA:35,3
DA:36,3
DA:37,3
DA:38,3
DA:39,9
DA:40,3
DA:41,3
DA:44,1
DA:45,1
DA:46,1
DA:47,1
DA:48,1
DA:49,1
DA:50,1
DA:51,1
DA:52,1
DA:53,1
DA:54,1
DA:55,1
DA:56,1
DA:57,1
DA:58,1
DA:59,1
DA:60,1
DA:61,1
DA:62,1
DA:63,1
DA:64,1
DA:65,1
DA:66,1
LF:56
LH:56
end_of_record
SF:lib\features\new_york_times\domain\entities\news_data.dart
DA:27,4
DA:51,1
DA:52,1
LF:3
LH:3
end_of_record
SF:lib\features\new_york_times\domain\usecases\get_news.dart
DA:11,1
DA:13,1
DA:15,3
DA:22,2
LF:4
LH:4
end_of_record
SF:lib\features\new_york_times\presentation\bloc\news_bloc.dart
DA:10,3
DA:11,2
DA:12,4
DA:13,1
DA:14,1
DA:15,1
DA:16,4
DA:18,2
DA:19,4
DA:20,1
DA:21,1
DA:22,2
DA:23,1
DA:24,4
DA:25,1
DA:26,1
DA:27,1
DA:28,1
DA:33,1
DA:34,2
LF:20
LH:20
end_of_record
SF:lib\features\new_york_times\presentation\bloc\news_events.dart
DA:8,1
LF:1
LH:1
end_of_record
SF:lib\features\new_york_times\presentation\bloc\news_state.g.dart
DA:19,1
DA:20,3
DA:22,1
DA:27,1
DA:28,2
DA:29,2
DA:30,1
DA:31,1
DA:32,1
DA:33,1
DA:36,1
DA:38,3
DA:40,1
DA:41,2
DA:43,1
DA:46,1
DA:47,3
DA:48,3
DA:49,3
DA:50,3
DA:53,0
DA:55,0
DA:56,0
DA:57,0
DA:58,0
DA:61,1
DA:63,2
DA:64,2
DA:65,2
DA:66,2
DA:67,2
DA:68,1
DA:76,3
DA:77,3
DA:80,3
DA:81,3
DA:84,3
DA:85,3
DA:88,3
DA:89,3
DA:91,1
DA:93,1
DA:94,1
DA:96,2
DA:97,2
DA:98,2
DA:99,2
DA:100,1
DA:105,1
DA:107,1
DA:108,1
DA:111,1
DA:113,1
DA:116,1
DA:117,1
DA:119,1
DA:120,1
DA:121,1
DA:122,1
DA:123,1
DA:124,1
DA:125,1
DA:126,1
DA:127,1
DA:128,1
DA:129,1
DA:130,1
LF:67
LH:62
end_of_record
SF:lib\features\new_york_times\presentation\bloc\news_state.dart
DA:12,1
DA:16,1
DA:17,2
DA:18,1
DA:19,1
DA:20,1
DA:21,1
DA:22,2
LF:8
LH:8
end_of_record
SF:lib\core\network\network_info.dart
DA:16,1
DA:20,1
DA:21,2
LF:3
LH:3
end_of_record
SF:lib\features\new_york_times\data\repositories\news_repository_impl.dart
DA:15,1
DA:18,1
DA:20,2
DA:22,2
DA:23,1
DA:25,1
LF:6
LH:6
end_of_record
